CRITICAL - 2025-05-12 17:10:59 --> CodeIgniter\View\Exceptions\ViewException: Invalid file: ".../template/header.php"
[Method: GET, Route: /]
in SYSTEMPATH\Exceptions\FrameworkException.php on line 39.
 1 SYSTEMPATH\View\View.php(212): CodeIgniter\Exceptions\FrameworkException::forInvalidFile('.../template/header.php')
 2 SYSTEMPATH\Common.php(1173): CodeIgniter\View\View->render('.../template/header', [], true)
 3 APPPATH\Views\tampilan\main_page.php(1): view('.../template/header')
 4 SYSTEMPATH\View\View.php(224): include('F:\\xampp 8.1.25\\htdocs\\proyek_pweb\\app\\Views\\tampilan\\main_page.php')
 5 SYSTEMPATH\View\View.php(227): CodeIgniter\View\View->CodeIgniter\View\{closure}()
 6 SYSTEMPATH\Common.php(1173): CodeIgniter\View\View->render('tampilan/main_page', [], true)
 7 APPPATH\Controllers\Home.php(10): view('tampilan/main_page')
 8 SYSTEMPATH\CodeIgniter.php(933): App\Controllers\Home->index()
 9 SYSTEMPATH\CodeIgniter.php(507): CodeIgniter\CodeIgniter->runController(Object(App\Controllers\Home))
10 SYSTEMPATH\CodeIgniter.php(354): CodeIgniter\CodeIgniter->handleRequest(null, Object(Config\Cache), false)
11 SYSTEMPATH\Boot.php(334): CodeIgniter\CodeIgniter->run()
12 SYSTEMPATH\Boot.php(67): CodeIgniter\Boot::runCodeIgniter(Object(CodeIgniter\CodeIgniter))
13 FCPATH\index.php(59): CodeIgniter\Boot::bootWeb(Object(Config\Paths))
CRITICAL - 2025-05-12 17:11:00 --> CodeIgniter\View\Exceptions\ViewException: Invalid file: ".../template/header.php"
[Method: GET, Route: /]
in SYSTEMPATH\Exceptions\FrameworkException.php on line 39.
 1 SYSTEMPATH\View\View.php(212): CodeIgniter\Exceptions\FrameworkException::forInvalidFile('.../template/header.php')
 2 SYSTEMPATH\Common.php(1173): CodeIgniter\View\View->render('.../template/header', [], true)
 3 APPPATH\Views\tampilan\main_page.php(1): view('.../template/header')
 4 SYSTEMPATH\View\View.php(224): include('F:\\xampp 8.1.25\\htdocs\\proyek_pweb\\app\\Views\\tampilan\\main_page.php')
 5 SYSTEMPATH\View\View.php(227): CodeIgniter\View\View->CodeIgniter\View\{closure}()
 6 SYSTEMPATH\Common.php(1173): CodeIgniter\View\View->render('tampilan/main_page', [], true)
 7 APPPATH\Controllers\Home.php(10): view('tampilan/main_page')
 8 SYSTEMPATH\CodeIgniter.php(933): App\Controllers\Home->index()
 9 SYSTEMPATH\CodeIgniter.php(507): CodeIgniter\CodeIgniter->runController(Object(App\Controllers\Home))
10 SYSTEMPATH\CodeIgniter.php(354): CodeIgniter\CodeIgniter->handleRequest(null, Object(Config\Cache), false)
11 SYSTEMPATH\Boot.php(334): CodeIgniter\CodeIgniter->run()
12 SYSTEMPATH\Boot.php(67): CodeIgniter\Boot::runCodeIgniter(Object(CodeIgniter\CodeIgniter))
13 FCPATH\index.php(59): CodeIgniter\Boot::bootWeb(Object(Config\Paths))
CRITICAL - 2025-05-12 17:11:00 --> CodeIgniter\View\Exceptions\ViewException: Invalid file: ".../template/header.php"
[Method: GET, Route: /]
in SYSTEMPATH\Exceptions\FrameworkException.php on line 39.
 1 SYSTEMPATH\View\View.php(212): CodeIgniter\Exceptions\FrameworkException::forInvalidFile('.../template/header.php')
 2 SYSTEMPATH\Common.php(1173): CodeIgniter\View\View->render('.../template/header', [], true)
 3 APPPATH\Views\tampilan\main_page.php(1): view('.../template/header')
 4 SYSTEMPATH\View\View.php(224): include('F:\\xampp 8.1.25\\htdocs\\proyek_pweb\\app\\Views\\tampilan\\main_page.php')
 5 SYSTEMPATH\View\View.php(227): CodeIgniter\View\View->CodeIgniter\View\{closure}()
 6 SYSTEMPATH\Common.php(1173): CodeIgniter\View\View->render('tampilan/main_page', [], true)
 7 APPPATH\Controllers\Home.php(10): view('tampilan/main_page')
 8 SYSTEMPATH\CodeIgniter.php(933): App\Controllers\Home->index()
 9 SYSTEMPATH\CodeIgniter.php(507): CodeIgniter\CodeIgniter->runController(Object(App\Controllers\Home))
10 SYSTEMPATH\CodeIgniter.php(354): CodeIgniter\CodeIgniter->handleRequest(null, Object(Config\Cache), false)
11 SYSTEMPATH\Boot.php(334): CodeIgniter\CodeIgniter->run()
12 SYSTEMPATH\Boot.php(67): CodeIgniter\Boot::runCodeIgniter(Object(CodeIgniter\CodeIgniter))
13 FCPATH\index.php(59): CodeIgniter\Boot::bootWeb(Object(Config\Paths))
CRITICAL - 2025-05-12 17:11:01 --> CodeIgniter\View\Exceptions\ViewException: Invalid file: ".../template/header.php"
[Method: GET, Route: /]
in SYSTEMPATH\Exceptions\FrameworkException.php on line 39.
 1 SYSTEMPATH\View\View.php(212): CodeIgniter\Exceptions\FrameworkException::forInvalidFile('.../template/header.php')
 2 SYSTEMPATH\Common.php(1173): CodeIgniter\View\View->render('.../template/header', [], true)
 3 APPPATH\Views\tampilan\main_page.php(1): view('.../template/header')
 4 SYSTEMPATH\View\View.php(224): include('F:\\xampp 8.1.25\\htdocs\\proyek_pweb\\app\\Views\\tampilan\\main_page.php')
 5 SYSTEMPATH\View\View.php(227): CodeIgniter\View\View->CodeIgniter\View\{closure}()
 6 SYSTEMPATH\Common.php(1173): CodeIgniter\View\View->render('tampilan/main_page', [], true)
 7 APPPATH\Controllers\Home.php(10): view('tampilan/main_page')
 8 SYSTEMPATH\CodeIgniter.php(933): App\Controllers\Home->index()
 9 SYSTEMPATH\CodeIgniter.php(507): CodeIgniter\CodeIgniter->runController(Object(App\Controllers\Home))
10 SYSTEMPATH\CodeIgniter.php(354): CodeIgniter\CodeIgniter->handleRequest(null, Object(Config\Cache), false)
11 SYSTEMPATH\Boot.php(334): CodeIgniter\CodeIgniter->run()
12 SYSTEMPATH\Boot.php(67): CodeIgniter\Boot::runCodeIgniter(Object(CodeIgniter\CodeIgniter))
13 FCPATH\index.php(59): CodeIgniter\Boot::bootWeb(Object(Config\Paths))
CRITICAL - 2025-05-12 17:11:01 --> CodeIgniter\View\Exceptions\ViewException: Invalid file: ".../template/header.php"
[Method: GET, Route: /]
in SYSTEMPATH\Exceptions\FrameworkException.php on line 39.
 1 SYSTEMPATH\View\View.php(212): CodeIgniter\Exceptions\FrameworkException::forInvalidFile('.../template/header.php')
 2 SYSTEMPATH\Common.php(1173): CodeIgniter\View\View->render('.../template/header', [], true)
 3 APPPATH\Views\tampilan\main_page.php(1): view('.../template/header')
 4 SYSTEMPATH\View\View.php(224): include('F:\\xampp 8.1.25\\htdocs\\proyek_pweb\\app\\Views\\tampilan\\main_page.php')
 5 SYSTEMPATH\View\View.php(227): CodeIgniter\View\View->CodeIgniter\View\{closure}()
 6 SYSTEMPATH\Common.php(1173): CodeIgniter\View\View->render('tampilan/main_page', [], true)
 7 APPPATH\Controllers\Home.php(10): view('tampilan/main_page')
 8 SYSTEMPATH\CodeIgniter.php(933): App\Controllers\Home->index()
 9 SYSTEMPATH\CodeIgniter.php(507): CodeIgniter\CodeIgniter->runController(Object(App\Controllers\Home))
10 SYSTEMPATH\CodeIgniter.php(354): CodeIgniter\CodeIgniter->handleRequest(null, Object(Config\Cache), false)
11 SYSTEMPATH\Boot.php(334): CodeIgniter\CodeIgniter->run()
12 SYSTEMPATH\Boot.php(67): CodeIgniter\Boot::runCodeIgniter(Object(CodeIgniter\CodeIgniter))
13 FCPATH\index.php(59): CodeIgniter\Boot::bootWeb(Object(Config\Paths))
CRITICAL - 2025-05-12 17:11:01 --> CodeIgniter\View\Exceptions\ViewException: Invalid file: ".../template/header.php"
[Method: GET, Route: /]
in SYSTEMPATH\Exceptions\FrameworkException.php on line 39.
 1 SYSTEMPATH\View\View.php(212): CodeIgniter\Exceptions\FrameworkException::forInvalidFile('.../template/header.php')
 2 SYSTEMPATH\Common.php(1173): CodeIgniter\View\View->render('.../template/header', [], true)
 3 APPPATH\Views\tampilan\main_page.php(1): view('.../template/header')
 4 SYSTEMPATH\View\View.php(224): include('F:\\xampp 8.1.25\\htdocs\\proyek_pweb\\app\\Views\\tampilan\\main_page.php')
 5 SYSTEMPATH\View\View.php(227): CodeIgniter\View\View->CodeIgniter\View\{closure}()
 6 SYSTEMPATH\Common.php(1173): CodeIgniter\View\View->render('tampilan/main_page', [], true)
 7 APPPATH\Controllers\Home.php(10): view('tampilan/main_page')
 8 SYSTEMPATH\CodeIgniter.php(933): App\Controllers\Home->index()
 9 SYSTEMPATH\CodeIgniter.php(507): CodeIgniter\CodeIgniter->runController(Object(App\Controllers\Home))
10 SYSTEMPATH\CodeIgniter.php(354): CodeIgniter\CodeIgniter->handleRequest(null, Object(Config\Cache), false)
11 SYSTEMPATH\Boot.php(334): CodeIgniter\CodeIgniter->run()
12 SYSTEMPATH\Boot.php(67): CodeIgniter\Boot::runCodeIgniter(Object(CodeIgniter\CodeIgniter))
13 FCPATH\index.php(59): CodeIgniter\Boot::bootWeb(Object(Config\Paths))
